#
# There is insufficient memory for the Java Runtime Environment to continue.
# Native memory allocation (mmap) failed to map 201326592 bytes for G1 virtual space
# Possible reasons:
#   The system is out of physical RAM or swap space
#   The process is running with CompressedOops enabled, and the Java Heap may be blocking the growth of the native heap
# Possible solutions:
#   Reduce memory load on the system
#   Increase physical memory or swap space
#   Check if swap backing store is full
#   Decrease Java heap size (-Xmx/-Xms)
#   Decrease number of Java threads
#   Decrease Java thread stack sizes (-Xss)
#   Set larger code cache with -XX:ReservedCodeCacheSize=
#   JVM is running with Zero Based Compressed Oops mode in which the Java heap is
#     placed in the first 32GB address space. The Java Heap base address is the
#     maximum limit for the native heap growth. Please use -XX:HeapBaseMinAddress
#     to set the Java Heap base and to place the Java Heap above 32GB virtual address.
# This output file may be truncated or incomplete.
#
#  Out of Memory Error (os_windows.cpp:3771), pid=6136, tid=2228
#
# JRE version:  (17.0.7) (build )
# Java VM: OpenJDK 64-Bit Server VM (17.0.7+0-b2043.56-10550314, mixed mode, sharing, tiered, compressed oops, compressed class ptrs, g1 gc, windows-amd64)
# No core dump will be written. Minidumps are not enabled by default on client versions of Windows
#

---------------  S U M M A R Y ------------

Command Line: git4idea.http.GitAskPassApp Username for 'https://github.com': 

Host: Intel(R) Core(TM) i5-4310U CPU @ 2.00GHz, 4 cores, 11G,  Windows 10 , 64 bit Build 19041 (10.0.19041.3636)
Time: Sat Feb 10 00:21:19 2024 Pakistan Standard Time elapsed time: 0.014256 seconds (0d 0h 0m 0s)

---------------  T H R E A D  ---------------

Current thread (0x0000021f905062e0):  JavaThread "Unknown thread" [_thread_in_vm, id=2228, stack(0x0000008fba900000,0x0000008fbaa00000)]

Stack: [0x0000008fba900000,0x0000008fbaa00000]
Native frames: (J=compiled Java code, j=interpreted, Vv=VM code, C=native code)
V  [jvm.dll+0x683bfa]
V  [jvm.dll+0x8430a4]
V  [jvm.dll+0x8449be]
V  [jvm.dll+0x845023]
V  [jvm.dll+0x24ad2f]
V  [jvm.dll+0x680ac9]
V  [jvm.dll+0x67519a]
V  [jvm.dll+0x30b3cb]
V  [jvm.dll+0x312876]
V  [jvm.dll+0x36221e]
V  [jvm.dll+0x36244f]
V  [jvm.dll+0x2e14a8]
V  [jvm.dll+0x2e2414]
V  [jvm.dll+0x814391]
V  [jvm.dll+0x36ffe1]
V  [jvm.dll+0x7f396c]
V  [jvm.dll+0x3f305f]
V  [jvm.dll+0x3f4b91]
C  [jli.dll+0x528f]
C  [ucrtbase.dll+0x21bb2]
C  [KERNEL32.DLL+0x17344]
C  [ntdll.dll+0x526b1]


---------------  P R O C E S S  ---------------

Threads class SMR info:
_java_thread_list=0x00007ffc76c2d098, length=0, elements={
}

Java Threads: ( => current thread )

Other Threads:
  0x0000021f9055a4a0 GCTaskThread "GC Thread#0" [stack: 0x0000008fbaa00000,0x0000008fbab00000] [id=16060]
  0x0000021f90568190 ConcurrentGCThread "G1 Main Marker" [stack: 0x0000008fbab00000,0x0000008fbac00000] [id=16736]
  0x0000021f90569250 ConcurrentGCThread "G1 Conc#0" [stack: 0x0000008fbac00000,0x0000008fbad00000] [id=10576]

[error occurred during error reporting (printing all threads), id 0xc0000005, EXCEPTION_ACCESS_VIOLATION (0xc0000005) at pc=0x00007ffc763e2087]

VM state: not at safepoint (not fully initialized)

VM Mutex/Monitor currently owned by a thread:  ([mutex/lock_event])
[0x0000021f90502e20] Heap_lock - owner thread: 0x0000021f905062e0

Heap address: 0x0000000741600000, size: 3050 MB, Compressed Oops mode: Zero based, Oop shift amount: 3

CDS archive(s) mapped at: [0x0000000000000000-0x0000000000000000-0x0000000000000000), size 0, SharedBaseAddress: 0x0000000800000000, ArchiveRelocationMode: 0.
Narrow klass base: 0x0000000000000000, Narrow klass shift: 0, Narrow klass range: 0x0

GC Precious Log:
<Empty>

Heap:
 garbage-first heap   total 0K, used 0K [0x0000000741600000, 0x0000000800000000)
  region size 2048K, 0 young (0K), 0 survivors (0K)
 Metaspace       used 0K, committed 0K, reserved 0K
  class space    used 0K, committed 0K, reserved 0K

Heap Regions: E=young(eden), S=young(survivor), O=old, HS=humongous(starts), HC=humongous(continues), CS=collection set, F=free, OA=open archive, CA=closed archive, TAMS=top-at-mark-start (previous, next)

Card table byte_map: [0x0000021fa4de0000,0x0000021fa53e0000] _byte_map_base: 0x0000021fa13d5000

Marking Bits (Prev, Next): (CMBitMap*) 0x0000021f9055b9d0, (CMBitMap*) 0x0000021f9055ba10
 Prev Bits: [0x0000021fa59e0000, 0x0000021fa8988000)
 Next Bits: [0x0000021fa8990000, 0x0000021fab938000)

GC Heap History (0 events):
No events

Dll operation events (1 events):
Event: 0.009 Loaded shared library C:\Program Files\Android\Android Studio1\jbr\bin\java.dll

Deoptimization events (0 events):
No events

Classes unloaded (0 events):
No events

Classes redefined (0 events):
No events

Internal exceptions (0 events):
No events

VM Operations (0 events):
No events

Events (0 events):
No events


Dynamic libraries:
0x00007ff6d4a60000 - 0x00007ff6d4a6a000 	C:\Program Files\Android\Android Studio1\jbr\bin\java.exe
0x00007ffccec90000 - 0x00007ffccee88000 	C:\WINDOWS\SYSTEM32\ntdll.dll
0x00007ffccd1f0000 - 0x00007ffccd2ad000 	C:\WINDOWS\System32\KERNEL32.DLL
0x00007ffccc700000 - 0x00007ffccc9f6000 	C:\WINDOWS\System32\KERNELBASE.dll
0x00007ffcccb20000 - 0x00007ffcccc20000 	C:\WINDOWS\System32\ucrtbase.dll
0x00007ffcc56f0000 - 0x00007ffcc5707000 	C:\Program Files\Android\Android Studio1\jbr\bin\jli.dll
0x00007ffccd2b0000 - 0x00007ffccd44e000 	C:\WINDOWS\System32\USER32.dll
0x00007ffccc3d0000 - 0x00007ffccc3f2000 	C:\WINDOWS\System32\win32u.dll
0x00007ffccdb00000 - 0x00007ffccdb2c000 	C:\WINDOWS\System32\GDI32.dll
0x00007ffccca00000 - 0x00007ffcccb1a000 	C:\WINDOWS\System32\gdi32full.dll
0x00007ffccc560000 - 0x00007ffccc5fd000 	C:\WINDOWS\System32\msvcp_win.dll
0x00007ffcbe290000 - 0x00007ffcbe52a000 	C:\WINDOWS\WinSxS\amd64_microsoft.windows.common-controls_6595b64144ccf1df_6.0.19041.3636_none_60b6a03d71f818d5\COMCTL32.dll
0x00007ffccea20000 - 0x00007ffcceabe000 	C:\WINDOWS\System32\msvcrt.dll
0x00007ffcc7910000 - 0x00007ffcc792b000 	C:\Program Files\Android\Android Studio1\jbr\bin\VCRUNTIME140.dll
0x00007ffccd450000 - 0x00007ffccd480000 	C:\WINDOWS\System32\IMM32.DLL
0x00007ffcc7e40000 - 0x00007ffcc7e4c000 	C:\Program Files\Android\Android Studio1\jbr\bin\vcruntime140_1.dll
0x00007ffcb9ff0000 - 0x00007ffcba07d000 	C:\Program Files\Android\Android Studio1\jbr\bin\msvcp140.dll
0x00007ffc760f0000 - 0x00007ffc76d70000 	C:\Program Files\Android\Android Studio1\jbr\bin\server\jvm.dll
0x00007ffccdfc0000 - 0x00007ffcce073000 	C:\WINDOWS\System32\ADVAPI32.dll
0x00007ffccd150000 - 0x00007ffccd1ef000 	C:\WINDOWS\System32\sechost.dll
0x00007ffcceac0000 - 0x00007ffccebe6000 	C:\WINDOWS\System32\RPCRT4.dll
0x00007ffcccc20000 - 0x00007ffcccc47000 	C:\WINDOWS\System32\bcrypt.dll
0x00007ffcbe8b0000 - 0x00007ffcbe8d7000 	C:\WINDOWS\SYSTEM32\WINMM.dll
0x00007ffcc7e60000 - 0x00007ffcc7e69000 	C:\WINDOWS\SYSTEM32\WSOCK32.dll
0x00007ffccd650000 - 0x00007ffccd6bb000 	C:\WINDOWS\System32\WS2_32.dll
0x00007ffcbb520000 - 0x00007ffcbb52a000 	C:\WINDOWS\SYSTEM32\VERSION.dll
0x00007ffcca210000 - 0x00007ffcca222000 	C:\WINDOWS\SYSTEM32\kernel.appcore.dll
0x00007ffcc7ea0000 - 0x00007ffcc7eaa000 	C:\Program Files\Android\Android Studio1\jbr\bin\jimage.dll
0x00007ffcba3b0000 - 0x00007ffcba594000 	C:\WINDOWS\SYSTEM32\DBGHELP.DLL
0x00007ffcba0e0000 - 0x00007ffcba114000 	C:\WINDOWS\SYSTEM32\dbgcore.DLL
0x00007ffcccc50000 - 0x00007ffccccd2000 	C:\WINDOWS\System32\bcryptPrimitives.dll
0x00007ffcc75b0000 - 0x00007ffcc75d5000 	C:\Program Files\Android\Android Studio1\jbr\bin\java.dll

dbghelp: loaded successfully - version: 4.0.5 - missing functions: none
symbol engine: initialized successfully - sym options: 0x614 - pdb path: .;C:\Program Files\Android\Android Studio1\jbr\bin;C:\WINDOWS\SYSTEM32;C:\WINDOWS\WinSxS\amd64_microsoft.windows.common-controls_6595b64144ccf1df_6.0.19041.3636_none_60b6a03d71f818d5;C:\Program Files\Android\Android Studio1\jbr\bin\server

VM Arguments:
java_command: git4idea.http.GitAskPassApp Username for 'https://github.com': 
java_class_path (initial): C:/Program Files/Android/Android Studio1/plugins/vcs-git/lib/git4idea-rt.jar;C:/Program Files/Android/Android Studio1/lib/externalProcess-rt.jar
Launcher Type: SUN_STANDARD

[Global flags]
     intx CICompilerCount                          = 3                                         {product} {ergonomic}
     uint ConcGCThreads                            = 1                                         {product} {ergonomic}
     uint G1ConcRefinementThreads                  = 4                                         {product} {ergonomic}
   size_t G1HeapRegionSize                         = 2097152                                   {product} {ergonomic}
    uintx GCDrainStackTargetSize                   = 64                                        {product} {ergonomic}
   size_t InitialHeapSize                          = 201326592                                 {product} {ergonomic}
   size_t MarkStackSize                            = 4194304                                   {product} {ergonomic}
   size_t MaxHeapSize                              = 3198156800                                {product} {ergonomic}
   size_t MinHeapDeltaBytes                        = 2097152                                   {product} {ergonomic}
   size_t MinHeapSize                              = 8388608                                   {product} {ergonomic}
    uintx NonNMethodCodeHeapSize                   = 5832780                                {pd product} {ergonomic}
    uintx NonProfiledCodeHeapSize                  = 122912730                              {pd product} {ergonomic}
    uintx ProfiledCodeHeapSize                     = 122912730                              {pd product} {ergonomic}
    uintx ReservedCodeCacheSize                    = 251658240                              {pd product} {ergonomic}
     bool SegmentedCodeCache                       = true                                      {product} {ergonomic}
   size_t SoftMaxHeapSize                          = 3198156800                             {manageable} {ergonomic}
     bool UseCompressedClassPointers               = true                           {product lp64_product} {ergonomic}
     bool UseCompressedOops                        = true                           {product lp64_product} {ergonomic}
     bool UseG1GC                                  = true                                      {product} {ergonomic}
     bool UseLargePagesIndividualAllocation        = false                                  {pd product} {ergonomic}

Logging:
Log output configuration:
 #0: stdout all=warning uptime,level,tags
 #1: stderr all=off uptime,level,tags

Environment Variables:
PATH=C:\Program Files\Git\mingw64\libexec\git-core;C:\Program Files\Git\mingw64\libexec\git-core;C:\Program Files\Git\mingw64\bin;C:\Program Files\Git\usr\bin;C:\Users\hammad\bin;C:\Python312\Scripts;C:\Python312;C:\WINDOWS\system32;C:\WINDOWS;C:\WINDOWS\System32\Wbem;C:\WINDOWS\System32\WindowsPowerShell\v1.0;C:\WINDOWS\System32\OpenSSH;C:\Program Files\PuTTY;C:\Program Files\nodejs;C:\ProgramData\chocolatey\bin;C:\Users\hammad\AppData\Local\Programs\Python\Python310\Scripts;C:\Users\hammad\AppData\Local\Programs\Python\Python310;C:\Users\hammad\AppData\Local\Microsoft\WindowsApps;C:\Users\hammad\AppData\Local\Programs\Microsoft VS Code\bin;C:\Program Files\Git\usr\bin;C:\Users\hammad\AppData\Roaming\npm
USERNAME=hammad
DISPLAY=:0.0
LC_ALL=en_US.UTF-8
TERM=xterm-256color
TMPDIR=C:\Users\hammad\AppData\Local\Temp
OS=Windows_NT
PROCESSOR_IDENTIFIER=Intel64 Family 6 Model 69 Stepping 1, GenuineIntel
TMP=C:\Users\hammad\AppData\Local\Temp
TEMP=C:\Users\hammad\AppData\Local\Temp


JNI global refs:
JNI global refs: 0, weak refs: 0

JNI global refs memory usage: 0, weak refs: 0

OOME stack traces (most recent first):
Classloader memory used:


---------------  S Y S T E M  ---------------

OS:
 Windows 10 , 64 bit Build 19041 (10.0.19041.3636)
OS uptime: 8 days 1:46 hours

CPU: total 4 (initial active 4) (2 cores per cpu, 2 threads per core) family 6 model 69 stepping 1 microcode 0x25, cx8, cmov, fxsr, ht, mmx, sse, sse2, sse3, ssse3, sse4.1, sse4.2, popcnt, lzcnt, tsc, tscinvbit, avx, avx2, aes, erms, clmul, bmi1, bmi2, fma, vzeroupper, clflush

Memory: 4k page, system-wide physical 12193M (2381M free)
TotalPageFile size 20524M (AvailPageFile size 72M)
current process WorkingSet (physical memory assigned to process): 10M, peak: 10M
current process commit charge ("private bytes"): 51M, peak: 243M

vm_info: OpenJDK 64-Bit Server VM (17.0.7+0-b2043.56-10550314) for windows-amd64 JRE (17.0.7+0-b2043.56-10550314), built on Jul 24 2023 18:27:45 by "androidbuild" with MS VC++ 16.10 / 16.11 (VS2019)

END.
